{"/Users/quelicm/DEV/QC/coverage-test/boilerplate-ts-jest/src/math.ts": {"path":"/Users/quelicm/DEV/QC/coverage-test/boilerplate-ts-jest/src/math.ts","statementMap":{"0":{"start":{"line":8,"column":24},"end":{"line":8,"column":39}},"1":{"start":{"line":8,"column":34},"end":{"line":8,"column":39}},"2":{"start":{"line":8,"column":13},"end":{"line":8,"column":24}},"3":{"start":{"line":10,"column":24},"end":{"line":10,"column":61}},"4":{"start":{"line":10,"column":56},"end":{"line":10,"column":61}},"5":{"start":{"line":10,"column":13},"end":{"line":10,"column":24}},"6":{"start":{"line":12,"column":24},"end":{"line":12,"column":61}},"7":{"start":{"line":12,"column":56},"end":{"line":12,"column":61}},"8":{"start":{"line":12,"column":13},"end":{"line":12,"column":24}}},"fnMap":{"0":{"name":"(anonymous_0)","decl":{"start":{"line":8,"column":24},"end":{"line":8,"column":25}},"loc":{"start":{"line":8,"column":34},"end":{"line":8,"column":39}}},"1":{"name":"(anonymous_1)","decl":{"start":{"line":10,"column":24},"end":{"line":10,"column":25}},"loc":{"start":{"line":10,"column":56},"end":{"line":10,"column":61}}},"2":{"name":"(anonymous_2)","decl":{"start":{"line":12,"column":24},"end":{"line":12,"column":25}},"loc":{"start":{"line":12,"column":56},"end":{"line":12,"column":61}}}},"branchMap":{},"s":{"0":1,"1":1,"2":1,"3":1,"4":0,"5":1,"6":1,"7":0,"8":1},"f":{"0":1,"1":0,"2":0},"b":{}}
}
